生成启动时间为 2015/4/27 18:17:36。
     1>项目“D:\learning a font manifold\prog\FontManifold\FontManifold\FontManifold.vcxproj”在节点 2 上(Build 个目标)。
     1>ClCompile:
         C:\Program Files (x86)\Microsoft Visual Studio 12.0\VC\bin\x86_amd64\CL.exe /c /Zi /nologo /W3 /WX- /sdl /Od /D WIN32 /D _DEBUG /D _CONSOLE /D _LIB /D _CRT_SECURE_NO_WARNINGS /D _UNICODE /D UNICODE /Gm /EHsc /RTC1 /MDd /GS /fp:precise /Zc:wchar_t /Zc:forScope /Yu"stdafx.h" /Fp"x64\Debug\FontManifold.pch" /Fo"x64\Debug\\" /Fd"x64\Debug\vc120.pdb" /Gd /TP /errorReport:prompt FontManager.cpp FontManifold.cpp
         FontManager.cpp
         正在生成代码...
         正在跳过...(未检测到相关更改)
         FontManifold.cpp
       Link:
         C:\Program Files (x86)\Microsoft Visual Studio 12.0\VC\bin\x86_amd64\link.exe /ERRORREPORT:PROMPT /OUT:"D:\learning a font manifold\prog\FontManifold\x64\Debug\FontManifold.exe" /INCREMENTAL /NOLOGO opencv_core249d.lib opencv_highgui249d.lib opencv_imgproc249d.lib kernel32.lib user32.lib gdi32.lib winspool.lib comdlg32.lib advapi32.lib shell32.lib ole32.lib oleaut32.lib uuid.lib odbc32.lib odbccp32.lib /MANIFEST /MANIFESTUAC:"level='asInvoker' uiAccess='false'" /manifest:embed /DEBUG /PDB:"D:\learning a font manifold\prog\FontManifold\x64\Debug\FontManifold.pdb" /SUBSYSTEM:CONSOLE /TLBID:1 /DYNAMICBASE /NXCOMPAT /IMPLIB:"D:\learning a font manifold\prog\FontManifold\x64\Debug\FontManifold.lib" /MACHINE:X64 x64\Debug\FontManager.obj
         x64\Debug\FontManifold.obj
         x64\Debug\Glyph.obj
         x64\Debug\Letter.obj
         x64\Debug\Outline.obj
         x64\Debug\OutlinePreparation.obj
         x64\Debug\Point.obj
         x64\Debug\stdafx.obj
         FontManifold.vcxproj -> D:\learning a font manifold\prog\FontManifold\x64\Debug\FontManifold.exe
     1>已完成生成项目“D:\learning a font manifold\prog\FontManifold\FontManifold\FontManifold.vcxproj”(Build 个目标)的操作。

生成成功。

已用时间 00:00:00.88
